<?xml version="1.0" encoding="UTF-8"?>
<!-- Generated by org.testng.reporters.JUnitReportReporter -->
<testsuite hostname="saiyaswanth" failures="0" tests="10" name="com.urbanladder.runner.runner" time="79.520" errors="0" timestamp="27 Sep 2021 02:29:32 GMT">
  <testcase classname="com.urbanladder.runner.runner" name="runScenario" time="9.110"/>
  <testcase classname="com.urbanladder.runner.runner" name="runScenario" time="2.023"/>
  <testcase classname="com.urbanladder.runner.runner" name="runScenario" time="1.834"/>
  <testcase classname="com.urbanladder.runner.runner" name="runScenario" time="8.398"/>
  <testcase classname="com.urbanladder.runner.runner" name="runScenario" time="8.322"/>
  <testcase classname="com.urbanladder.runner.runner" name="runScenario" time="8.424"/>
  <testcase classname="com.urbanladder.runner.runner" name="runScenario" time="8.290"/>
  <testcase classname="com.urbanladder.runner.runner" name="runScenario" time="9.430"/>
  <testcase classname="com.urbanladder.runner.runner" name="runScenario" time="15.311"/>
  <testcase classname="com.urbanladder.runner.runner" name="runScenario" time="8.378"/>
</testsuite> <!-- com.urbanladder.runner.runner -->
